<?xml version="1.0" encoding="UTF-8"?>
<!-- Generated by org.testng.reporters.JUnitReportReporter -->
<testsuite ignored="0" hostname="LP-BEKITOON" failures="0" tests="1" name="LoginPage.TC01_Login" time="0.320" errors="0" timestamp="24 may. 2024 01:42:23 GMT" skipped="0">
  <testcase classname="LoginPage.TC01_Login" name="TC01" time="0.320"/>
</testsuite> <!-- LoginPage.TC01_Login -->
