<?xml version="1.0" encoding="UTF-8"?>
<!-- Generated by org.testng.reporters.JUnitReportReporter -->
<testsuite ignored="0" hostname="LP-BEKITOON" failures="0" tests="1" name="LoginPage.TC02_LoginError" time="0.366" errors="0" timestamp="24 may. 2024 00:18:35 GMT" skipped="0">
  <testcase classname="LoginPage.TC02_LoginError" name="TC02" time="0.366"/>
</testsuite> <!-- LoginPage.TC02_LoginError -->
